======================================================================
HKU Deleted
Total Keys/Values count : 5
======================================================================
-----------------------------------------------------------------------------------------------------------------------------------------------------------------------------------------------------------------------------------------------------------------------------------------------------------------------------------------------------------------------------------------------------------------------------------------------------------------------------------------------------------------------------------------------------------------
NAME                                                                                                                                                                                                                                                      TYPE                IS VALUE CHANGED?   CURRENT VALUE                                                                                       OLD VALUE                                                                                           
-----------------------------------------------------------------------------------------------------------------------------------------------------------------------------------------------------------------------------------------------------------------------------------------------------------------------------------------------------------------------------------------------------------------------------------------------------------------------------------------------------------------------------------------------------------------

HKEY_USERS\ift-pc\ift\software\microsoft\windows\currentversion\internet settings\zonemap
ProxyBypass                                                                                                                                                                                                                                                ::                      :: No                   ::                                                                                                      ::                                                                                                     
IntranetName                                                                                                                                                                                                                                               ::                      :: No                   ::                                                                                                      ::                                                                                                     
-----------------------------------------------------------------------------------------------------------------------------------------------------------------------------------------------------------------------------------------------------------------------------------------------------------------------------------------------------------------------------------------------------------------------------------------------------------------------------------------------------------------------------------------------------------------
HKEY_USERS\ift-pc\ift\software\microsoft\windows\currentversion\explorer\cd burning\staginginfo\volume{c15902aa-20ce-11e5-93d0-806e6f6e6963}
DriveNumber                                                                                                                                                                                                                                                ::                      :: No                   ::                                                                                                      ::                                                                                                     
-----------------------------------------------------------------------------------------------------------------------------------------------------------------------------------------------------------------------------------------------------------------------------------------------------------------------------------------------------------------------------------------------------------------------------------------------------------------------------------------------------------------------------------------------------------------
HKEY_USERS\ift-pc\ift\software\microsoft\windows\currentversion\explorer\startpage\newshortcuts
HKEY_USERS\ift-pc\ift\software\microsoft\windows\currentversion\explorer\startpage\newshortcuts
HKEY_USERS\ift-pc\ift\software\microsoft\windows\currentversion\explorer\mountpoints2\cpc\volume\{49d0cdaa-20cf-11e5-8be7-00262dc4aa17}
HKEY_USERS\ift-pc\ift\software\microsoft\windows\currentversion\explorer\mountpoints2\cpc\volume\{49d0cdaa-20cf-11e5-8be7-00262dc4aa17}
======================================================================
End of report.
======================================================================


